<?xml version="1.0" encoding="UTF-8"?>
<!-- Generated by org.testng.reporters.JUnitReportReporter -->
<testsuite skipped="0" hostname="mypc" name="com.selenium.day4.test.TestLogin" tests="1" failures="0" timestamp="14 六月 2018 01:16:40 GMT" time="7.617" errors="0">
  <testcase name="test" time="7.617" classname="com.selenium.day4.test.TestLogin"/>
</testsuite> <!-- com.selenium.day4.test.TestLogin -->
